2025-12-05 11:52:47,948 - werkzeug - WARNING -  * Debugger is active!
2025-12-05 11:52:47,951 - werkzeug - INFO -  * Debugger PIN: 691-175-853
2025-12-05 11:52:47,984 - werkzeug - INFO - 127.0.0.1 - - [05/Dec/2025 11:52:47] "GET /task-status/96d3684d-ddd3-4023-8f56-87f27016a439 HTTP/1.1" 200 -
2025-12-05 12:01:42,907 - werkzeug - INFO - 127.0.0.1 - - [05/Dec/2025 12:01:42] "POST /calculate HTTP/1.1" 200 -
2025-12-05 12:01:42,907 - Review.reviews.uscle_review - INFO - Loading EOD data...
2025-12-05 12:01:42,907 - werkzeug - INFO - 127.0.0.1 - - [05/Dec/2025 12:01:42] "GET /task-status/abb70e6b-354d-4941-ab9f-5dc2821510bd HTTP/1.1" 200 -
2025-12-05 12:01:44,924 - werkzeug - INFO - 127.0.0.1 - - [05/Dec/2025 12:01:44] "GET /task-status/abb70e6b-354d-4941-ab9f-5dc2821510bd HTTP/1.1" 200 -
2025-12-05 12:01:46,926 - werkzeug - INFO - 127.0.0.1 - - [05/Dec/2025 12:01:46] "GET /task-status/abb70e6b-354d-4941-ab9f-5dc2821510bd HTTP/1.1" 200 -
2025-12-05 12:01:47,592 - Review.reviews.uscle_review - INFO - Loading reference data...
2025-12-05 12:01:48,928 - werkzeug - INFO - 127.0.0.1 - - [05/Dec/2025 12:01:48] "GET /task-status/abb70e6b-354d-4941-ab9f-5dc2821510bd HTTP/1.1" 200 -
2025-12-05 12:01:50,920 - werkzeug - INFO - 127.0.0.1 - - [05/Dec/2025 12:01:50] "GET /task-status/abb70e6b-354d-4941-ab9f-5dc2821510bd HTTP/1.1" 200 -
2025-12-05 12:01:51,774 - Review.reviews.uscle_review - INFO - Total companies in universe: 500
2025-12-05 12:01:51,774 - Review.reviews.uscle_review - INFO - Carbon Budget cutoff rank (80th percentile): 400.0
2025-12-05 12:01:51,774 - Review.reviews.uscle_review - INFO - Total companies excluded by Carbon Budget (rank > 400.0): 100
2025-12-05 12:01:52,917 - werkzeug - INFO - 127.0.0.1 - - [05/Dec/2025 12:01:52] "GET /task-status/abb70e6b-354d-4941-ab9f-5dc2821510bd HTTP/1.1" 200 -
2025-12-05 12:01:54,928 - werkzeug - INFO - 127.0.0.1 - - [05/Dec/2025 12:01:54] "GET /task-status/abb70e6b-354d-4941-ab9f-5dc2821510bd HTTP/1.1" 200 -
2025-12-05 12:01:56,922 - werkzeug - INFO - 127.0.0.1 - - [05/Dec/2025 12:01:56] "GET /task-status/abb70e6b-354d-4941-ab9f-5dc2821510bd HTTP/1.1" 200 -
2025-12-05 12:01:58,917 - werkzeug - INFO - 127.0.0.1 - - [05/Dec/2025 12:01:58] "GET /task-status/abb70e6b-354d-4941-ab9f-5dc2821510bd HTTP/1.1" 200 -
2025-12-05 12:02:00,923 - werkzeug - INFO - 127.0.0.1 - - [05/Dec/2025 12:02:00] "GET /task-status/abb70e6b-354d-4941-ab9f-5dc2821510bd HTTP/1.1" 200 -
2025-12-05 12:02:02,924 - werkzeug - INFO - 127.0.0.1 - - [05/Dec/2025 12:02:02] "GET /task-status/abb70e6b-354d-4941-ab9f-5dc2821510bd HTTP/1.1" 200 -
2025-12-05 12:02:04,917 - werkzeug - INFO - 127.0.0.1 - - [05/Dec/2025 12:02:04] "GET /task-status/abb70e6b-354d-4941-ab9f-5dc2821510bd HTTP/1.1" 200 -
2025-12-05 12:02:06,924 - werkzeug - INFO - 127.0.0.1 - - [05/Dec/2025 12:02:06] "GET /task-status/abb70e6b-354d-4941-ab9f-5dc2821510bd HTTP/1.1" 200 -
2025-12-05 12:02:08,617 - Review.reviews.uscle_review - ERROR - Error during review calculation: 'Price'
2025-12-05 12:02:08,617 - Review.reviews.uscle_review - ERROR - Traceback (most recent call last):
  File "C:\Users\CSonneveld\AppData\Roaming\Python\Python312\site-packages\pandas\core\indexes\base.py", line 3805, in get_loc
    return self._engine.get_loc(casted_key)
           ^^^^^^^^^^^^^^^^^^^^^^^^^^^^^^^^
  File "index.pyx", line 167, in pandas._libs.index.IndexEngine.get_loc
  File "index.pyx", line 196, in pandas._libs.index.IndexEngine.get_loc
  File "pandas\\_libs\\hashtable_class_helper.pxi", line 7081, in pandas._libs.hashtable.PyObjectHashTable.get_item
  File "pandas\\_libs\\hashtable_class_helper.pxi", line 7089, in pandas._libs.hashtable.PyObjectHashTable.get_item
KeyError: 'Price'

The above exception was the direct cause of the following exception:

Traceback (most recent call last):
  File "C:\Users\CSonneveld\OneDrive - Euronext\Documents\Projects\GUI + Reviews\Review\reviews\uscle_review.py", line 453, in run_uscle_review
    top_250_df['FFMC'] = top_250_df['Price'] * top_250_df['NOSH'] * top_250_df['Free Float']
                         ~~~~~~~~~~^^^^^^^^^
  File "C:\Users\CSonneveld\AppData\Roaming\Python\Python312\site-packages\pandas\core\frame.py", line 4102, in __getitem__
    indexer = self.columns.get_loc(key)
              ^^^^^^^^^^^^^^^^^^^^^^^^^
  File "C:\Users\CSonneveld\AppData\Roaming\Python\Python312\site-packages\pandas\core\indexes\base.py", line 3812, in get_loc
    raise KeyError(key) from err
KeyError: 'Price'

2025-12-05 12:02:08,918 - werkzeug - INFO - 127.0.0.1 - - [05/Dec/2025 12:02:08] "GET /task-status/abb70e6b-354d-4941-ab9f-5dc2821510bd HTTP/1.1" 200 -
2025-12-05 12:02:47,722 - werkzeug - INFO -  * Detected change in 'C:\\Users\\CSonneveld\\OneDrive - Euronext\\Documents\\Projects\\GUI + Reviews\\Review\\reviews\\uscle_review.py', reloading
2025-12-05 12:02:47,727 - werkzeug - INFO -  * Detected change in 'C:\\Users\\CSonneveld\\OneDrive - Euronext\\Documents\\Projects\\GUI + Reviews\\Review\\reviews\\uscle_review.py', reloading
