2025-12-03 14:47:19,741 - werkzeug - WARNING -  * Debugger is active!
2025-12-03 14:47:19,741 - werkzeug - INFO -  * Debugger PIN: 691-175-853
2025-12-03 14:47:19,776 - werkzeug - INFO - 127.0.0.1 - - [03/Dec/2025 14:47:19] "GET /task-status/268732dd-8d1f-4b4a-a0db-233e3f6b9931 HTTP/1.1" 200 -
2025-12-03 14:47:21,959 - werkzeug - INFO - 127.0.0.1 - - [03/Dec/2025 14:47:21] "POST /calculate HTTP/1.1" 200 -
2025-12-03 14:47:21,961 - Review.reviews.ezsl_review - INFO - Starting EZSL review calculation
2025-12-03 14:47:21,966 - werkzeug - INFO - 127.0.0.1 - - [03/Dec/2025 14:47:21] "GET /task-status/6ffa6093-1eef-41af-a9f6-46365d78ca0d HTTP/1.1" 200 -
2025-12-03 14:47:23,326 - Review.reviews.ezsl_review - WARNING - Unmapped MICs found: ['FSME']
2025-12-03 14:47:23,328 - Review.reviews.ezsl_review - INFO - Found 353 existing companies in EZSL
2025-12-03 14:47:23,329 - Review.reviews.ezsl_review - ERROR - Error during review calculation: 'Free Float Round:'
2025-12-03 14:47:23,334 - Review.reviews.ezsl_review - ERROR - Traceback (most recent call last):
  File "C:\Users\CSonneveld\AppData\Roaming\Python\Python312\site-packages\pandas\core\indexes\base.py", line 3805, in get_loc
    return self._engine.get_loc(casted_key)
           ^^^^^^^^^^^^^^^^^^^^^^^^^^^^^^^^
  File "index.pyx", line 167, in pandas._libs.index.IndexEngine.get_loc
  File "index.pyx", line 196, in pandas._libs.index.IndexEngine.get_loc
  File "pandas\\_libs\\hashtable_class_helper.pxi", line 7081, in pandas._libs.hashtable.PyObjectHashTable.get_item
  File "pandas\\_libs\\hashtable_class_helper.pxi", line 7089, in pandas._libs.hashtable.PyObjectHashTable.get_item
KeyError: 'Free Float Round:'

The above exception was the direct cause of the following exception:

Traceback (most recent call last):
  File "C:\Users\CSonneveld\OneDrive - Euronext\Documents\Projects\GUI + Reviews\Review\reviews\ezsl_review.py", line 164, in run_ezsl_review
    universe_df['Mcap in EUR'] = universe_df['FX/Index Ccy'] * universe_df['Number of Shares'] * universe_df['Price (Eur) '] * universe_df['Free Float Round:']
                                                                                                                               ~~~~~~~~~~~^^^^^^^^^^^^^^^^^^^^^
  File "C:\Users\CSonneveld\AppData\Roaming\Python\Python312\site-packages\pandas\core\frame.py", line 4102, in __getitem__
    indexer = self.columns.get_loc(key)
              ^^^^^^^^^^^^^^^^^^^^^^^^^
  File "C:\Users\CSonneveld\AppData\Roaming\Python\Python312\site-packages\pandas\core\indexes\base.py", line 3812, in get_loc
    raise KeyError(key) from err
KeyError: 'Free Float Round:'

2025-12-03 14:47:23,968 - werkzeug - INFO - 127.0.0.1 - - [03/Dec/2025 14:47:23] "GET /task-status/6ffa6093-1eef-41af-a9f6-46365d78ca0d HTTP/1.1" 200 -
2025-12-03 14:47:32,078 - werkzeug - INFO -  * Detected change in 'C:\\Users\\CSonneveld\\OneDrive - Euronext\\Documents\\Projects\\GUI + Reviews\\Review\\reviews\\ezsl_review.py', reloading
2025-12-03 14:47:32,078 - werkzeug - INFO -  * Detected change in 'C:\\Users\\CSonneveld\\OneDrive - Euronext\\Documents\\Projects\\GUI + Reviews\\Review\\reviews\\ezsl_review.py', reloading
