2026-02-10 13:37:01,791 - Review.reviews.euepr_review - INFO - Loading EOD data...
2026-02-10 13:37:02,736 - Review.reviews.euepr_review - INFO - Loading reference data...
2026-02-10 13:37:02,755 - Review.reviews.euepr_review - INFO - North America 500 universe size: 500
2026-02-10 13:37:02,756 - Review.reviews.euepr_review - INFO - Universe size after US MIC filter: 458
2026-02-10 13:37:02,812 - Review.reviews.euepr_review - ERROR - Error during EUEPR review calculation: 'Number of Shares'
2026-02-10 13:37:02,817 - Review.reviews.euepr_review - ERROR - Traceback (most recent call last):
  File "C:\Users\CSonneveld\AppData\Roaming\Python\Python312\site-packages\pandas\core\indexes\base.py", line 3805, in get_loc
    return self._engine.get_loc(casted_key)
           ^^^^^^^^^^^^^^^^^^^^^^^^^^^^^^^^
  File "index.pyx", line 167, in pandas._libs.index.IndexEngine.get_loc
  File "index.pyx", line 196, in pandas._libs.index.IndexEngine.get_loc
  File "pandas\\_libs\\hashtable_class_helper.pxi", line 7081, in pandas._libs.hashtable.PyObjectHashTable.get_item
  File "pandas\\_libs\\hashtable_class_helper.pxi", line 7089, in pandas._libs.hashtable.PyObjectHashTable.get_item
KeyError: 'Number of Shares'

The above exception was the direct cause of the following exception:

Traceback (most recent call last):
  File "C:\Users\CSonneveld\OneDrive - Euronext\Documents\Projects\GUI + Reviews\Review\reviews\euepr_review.py", line 173, in run_euepr_review
    * selection_df['Number of Shares']
      ~~~~~~~~~~~~^^^^^^^^^^^^^^^^^^^^
  File "C:\Users\CSonneveld\AppData\Roaming\Python\Python312\site-packages\pandas\core\frame.py", line 4102, in __getitem__
    indexer = self.columns.get_loc(key)
              ^^^^^^^^^^^^^^^^^^^^^^^^^
  File "C:\Users\CSonneveld\AppData\Roaming\Python\Python312\site-packages\pandas\core\indexes\base.py", line 3812, in get_loc
    raise KeyError(key) from err
KeyError: 'Number of Shares'

